The system is: Linux - 5.4.75-75.lts2019 - x86_64
Compiling the C compiler identification source file "CMakeCCompilerId.c" succeeded.
Compiler: /usr/bin/gcc 
Build flags: -g;-O3;-feliminate-unused-debug-types;-pipe;-Wall;-Wp,-D_FORTIFY_SOURCE=2;-fexceptions;-fstack-protector;--param=ssp-buffer-size=32;-Wformat;-Wformat-security;-m64;-fasynchronous-unwind-tables;-Wp,-D_REENTRANT;-ftree-loop-distribute-patterns;-Wl,-z;-Wl,now;-Wl,-z;-Wl,relro;-fno-semantic-interposition;-ffat-lto-objects;-fno-trapping-math;-Wl,-sort-common;-Wl,--enable-new-dtags;-mtune=skylake;-Wa,-mbranches-within-32B-boundaries
Id flags:  

The output was:
0


Compilation of the C compiler identification source "CMakeCCompilerId.c" produced "a.out"

The C compiler identification is GNU, found in "/home/alby/graph/graph/CMakeFiles/3.17.3/CompilerIdC/a.out"

Compiling the CXX compiler identification source file "CMakeCXXCompilerId.cpp" succeeded.
Compiler: /usr/bin/g++ 
Build flags: -g;-O3;-feliminate-unused-debug-types;-pipe;-Wall;-Wp,-D_FORTIFY_SOURCE=2;-fexceptions;-fstack-protector;--param=ssp-buffer-size=32;-Wformat;-Wformat-security;-m64;-fasynchronous-unwind-tables;-Wp,-D_REENTRANT;-ftree-loop-distribute-patterns;-Wl,-z;-Wl,now;-Wl,-z;-Wl,relro;-fno-semantic-interposition;-ffat-lto-objects;-fno-trapping-math;-Wl,-sort-common;-Wl,--enable-new-dtags;-mtune=skylake;-Wa,-mbranches-within-32B-boundaries;-fvisibility-inlines-hidden;-Wl,--enable-new-dtags;
Id flags:  

The output was:
0


Compilation of the CXX compiler identification source "CMakeCXXCompilerId.cpp" produced "a.out"

The CXX compiler identification is GNU, found in "/home/alby/graph/graph/CMakeFiles/3.17.3/CompilerIdCXX/a.out"

Determining if the C compiler works passed with the following output:
Change Dir: /home/alby/graph/graph/CMakeFiles/CMakeTmp

Run Build Command(s):/usr/bin/gmake cmTC_1cdb6/fast && /usr/bin/gmake  -f CMakeFiles/cmTC_1cdb6.dir/build.make CMakeFiles/cmTC_1cdb6.dir/build
gmake[1]: Entering directory '/home/alby/graph/graph/CMakeFiles/CMakeTmp'
Building C object CMakeFiles/cmTC_1cdb6.dir/testCCompiler.c.o
/usr/bin/gcc   -g -O3 -feliminate-unused-debug-types -pipe -Wall -Wp,-D_FORTIFY_SOURCE=2 -fexceptions -fstack-protector --param=ssp-buffer-size=32 -Wformat -Wformat-security -m64 -fasynchronous-unwind-tables -Wp,-D_REENTRANT -ftree-loop-distribute-patterns -Wl,-z -Wl,now -Wl,-z -Wl,relro -fno-semantic-interposition -ffat-lto-objects -fno-trapping-math -Wl,-sort-common -Wl,--enable-new-dtags -mtune=skylake -Wa,-mbranches-within-32B-boundaries    -o CMakeFiles/cmTC_1cdb6.dir/testCCompiler.c.o   -c /home/alby/graph/graph/CMakeFiles/CMakeTmp/testCCompiler.c
Linking C executable cmTC_1cdb6
/home/alby/Desktop/clion-2020.2.3/bin/cmake/linux/bin/cmake -E cmake_link_script CMakeFiles/cmTC_1cdb6.dir/link.txt --verbose=1
/usr/bin/gcc -g -O3 -feliminate-unused-debug-types -pipe -Wall -Wp,-D_FORTIFY_SOURCE=2 -fexceptions -fstack-protector --param=ssp-buffer-size=32 -Wformat -Wformat-security -m64 -fasynchronous-unwind-tables -Wp,-D_REENTRANT -ftree-loop-distribute-patterns -Wl,-z -Wl,now -Wl,-z -Wl,relro -fno-semantic-interposition -ffat-lto-objects -fno-trapping-math -Wl,-sort-common -Wl,--enable-new-dtags -mtune=skylake -Wa,-mbranches-within-32B-boundaries     CMakeFiles/cmTC_1cdb6.dir/testCCompiler.c.o  -o cmTC_1cdb6 
gmake[1]: Leaving directory '/home/alby/graph/graph/CMakeFiles/CMakeTmp'



Detecting C compiler ABI info compiled with the following output:
Change Dir: /home/alby/graph/graph/CMakeFiles/CMakeTmp

Run Build Command(s):/usr/bin/gmake cmTC_33c80/fast && /usr/bin/gmake  -f CMakeFiles/cmTC_33c80.dir/build.make CMakeFiles/cmTC_33c80.dir/build
gmake[1]: Entering directory '/home/alby/graph/graph/CMakeFiles/CMakeTmp'
Building C object CMakeFiles/cmTC_33c80.dir/CMakeCCompilerABI.c.o
/usr/bin/gcc   -g -O3 -feliminate-unused-debug-types -pipe -Wall -Wp,-D_FORTIFY_SOURCE=2 -fexceptions -fstack-protector --param=ssp-buffer-size=32 -Wformat -Wformat-security -m64 -fasynchronous-unwind-tables -Wp,-D_REENTRANT -ftree-loop-distribute-patterns -Wl,-z -Wl,now -Wl,-z -Wl,relro -fno-semantic-interposition -ffat-lto-objects -fno-trapping-math -Wl,-sort-common -Wl,--enable-new-dtags -mtune=skylake -Wa,-mbranches-within-32B-boundaries    -v -o CMakeFiles/cmTC_33c80.dir/CMakeCCompilerABI.c.o   -c /home/alby/Desktop/clion-2020.2.3/bin/cmake/linux/share/cmake-3.17/Modules/CMakeCCompilerABI.c
Using built-in specs.
COLLECT_AS_OPTIONS='-mbranches-within-32B-boundaries'
COLLECT_GCC=/usr/bin/gcc
Target: x86_64-generic-linux
Configured with: ../gcc-10.2.0/configure --prefix=/usr --with-pkgversion='Clear Linux OS for Intel Architecture' --libdir=/usr/lib64 --enable-libstdcxx-pch --libexecdir=/usr/lib64 --with-system-zlib --enable-shared --enable-gnu-indirect-function --disable-vtable-verify --enable-threads=posix --enable-__cxa_atexit --enable-plugin --enable-ld=default --enable-clocale=gnu --disable-multiarch --enable-multilib --enable-lto --disable-werror --enable-linker-build-id --build=x86_64-generic-linux --target=x86_64-generic-linux --enable-languages=c,c++,fortran,go --enable-bootstrap --with-ppl=yes --with-isl --includedir=/usr/include --exec-prefix=/usr --with-glibc-version=2.19 --disable-libunwind-exceptions --with-gnu-ld --with-tune=haswell --with-arch=westmere --enable-cet --disable-libmpx --with-gcc-major-version-only --enable-default-pie
Thread model: posix
Supported LTO compression algorithms: zlib
gcc version 10.2.1 20201202 releases/gcc-10.2.0-593-ge563687cf9 (Clear Linux OS for Intel Architecture) 
COLLECT_GCC_OPTIONS='-g' '-O3' '-feliminate-unused-debug-types' '-pipe' '-Wall' '-fexceptions' '-fstack-protector' '--param=ssp-buffer-size=32' '-Wformat=1' '-Wformat-security' '-m64' '-fasynchronous-unwind-tables' '-ftree-loop-distribute-patterns' '-fno-semantic-interposition' '-ffat-lto-objects' '-fno-trapping-math' '-mtune=skylake' '-v' '-o' 'CMakeFiles/cmTC_33c80.dir/CMakeCCompilerABI.c.o' '-c' '-march=westmere'
 /usr/lib64/gcc/x86_64-generic-linux/10/cc1 -quiet -v -D_FORTIFY_SOURCE=2 -D_REENTRANT /home/alby/Desktop/clion-2020.2.3/bin/cmake/linux/share/cmake-3.17/Modules/CMakeCCompilerABI.c -quiet -dumpbase CMakeCCompilerABI.c -m64 -mtune=skylake -march=westmere -auxbase-strip CMakeFiles/cmTC_33c80.dir/CMakeCCompilerABI.c.o -g -O3 -Wall -Wformat=1 -Wformat-security -version -feliminate-unused-debug-types -fexceptions -fstack-protector -fasynchronous-unwind-tables -ftree-loop-distribute-patterns -fno-semantic-interposition -ffat-lto-objects -fno-trapping-math --param=ssp-buffer-size=32 -o - |
 as -v --64 -mbranches-within-32B-boundaries -o CMakeFiles/cmTC_33c80.dir/CMakeCCompilerABI.c.o
GNU C17 (Clear Linux OS for Intel Architecture) version 10.2.1 20201202 releases/gcc-10.2.0-593-ge563687cf9 (x86_64-generic-linux)
	compiled by GNU C version 10.2.1 20201202 releases/gcc-10.2.0-593-ge563687cf9, GMP version 6.2.1, MPFR version 4.1.0, MPC version 1.2.0, isl version isl-0.16.1-GMP

GGC heuristics: --param ggc-min-expand=100 --param ggc-min-heapsize=131072
ignoring nonexistent directory "/usr/lib64/gcc/x86_64-generic-linux/10/../../../../x86_64-generic-linux/include"
#include "..." search starts here:
#include <...> search starts here:
 /usr/lib64/gcc/x86_64-generic-linux/10/include
 /usr/local/include
 /usr/lib64/gcc/x86_64-generic-linux/10/include-fixed
 /usr/include
End of search list.
GNU assembler version 2.35.1 (x86_64-generic-linux) using BFD version (GNU Binutils) 2.35.1.20190203
GNU C17 (Clear Linux OS for Intel Architecture) version 10.2.1 20201202 releases/gcc-10.2.0-593-ge563687cf9 (x86_64-generic-linux)
	compiled by GNU C version 10.2.1 20201202 releases/gcc-10.2.0-593-ge563687cf9, GMP version 6.2.1, MPFR version 4.1.0, MPC version 1.2.0, isl version isl-0.16.1-GMP

GGC heuristics: --param ggc-min-expand=100 --param ggc-min-heapsize=131072
Compiler executable checksum: 9d7f02e84e20e79d307d9fb6dc333754
COMPILER_PATH=/usr/lib64/gcc/x86_64-generic-linux/10/:/usr/lib64/gcc/x86_64-generic-linux/10/:/usr/lib64/gcc/x86_64-generic-linux/:/usr/lib64/gcc/x86_64-generic-linux/10/:/usr/lib64/gcc/x86_64-generic-linux/
LIBRARY_PATH=/usr/lib64/gcc/x86_64-generic-linux/10/:/usr/lib64/gcc/x86_64-generic-linux/10/../../../../lib64/:/lib/../lib64/:/usr/lib/../lib64/:/usr/lib64/gcc/x86_64-generic-linux/10/../../../:/lib/:/usr/lib/
COLLECT_GCC_OPTIONS='-g' '-O3' '-feliminate-unused-debug-types' '-pipe' '-Wall' '-fexceptions' '-fstack-protector' '--param=ssp-buffer-size=32' '-Wformat=1' '-Wformat-security' '-m64' '-fasynchronous-unwind-tables' '-ftree-loop-distribute-patterns' '-fno-semantic-interposition' '-ffat-lto-objects' '-fno-trapping-math' '-mtune=skylake' '-v' '-o' 'CMakeFiles/cmTC_33c80.dir/CMakeCCompilerABI.c.o' '-c' '-march=westmere'
Linking C executable cmTC_33c80
/home/alby/Desktop/clion-2020.2.3/bin/cmake/linux/bin/cmake -E cmake_link_script CMakeFiles/cmTC_33c80.dir/link.txt --verbose=1
/usr/bin/gcc -g -O3 -feliminate-unused-debug-types -pipe -Wall -Wp,-D_FORTIFY_SOURCE=2 -fexceptions -fstack-protector --param=ssp-buffer-size=32 -Wformat -Wformat-security -m64 -fasynchronous-unwind-tables -Wp,-D_REENTRANT -ftree-loop-distribute-patterns -Wl,-z -Wl,now -Wl,-z -Wl,relro -fno-semantic-interposition -ffat-lto-objects -fno-trapping-math -Wl,-sort-common -Wl,--enable-new-dtags -mtune=skylake -Wa,-mbranches-within-32B-boundaries    -v CMakeFiles/cmTC_33c80.dir/CMakeCCompilerABI.c.o  -o cmTC_33c80 
Using built-in specs.
COLLECT_AS_OPTIONS='-mbranches-within-32B-boundaries'
COLLECT_GCC=/usr/bin/gcc
COLLECT_LTO_WRAPPER=/usr/lib64/gcc/x86_64-generic-linux/10/lto-wrapper
Target: x86_64-generic-linux
Configured with: ../gcc-10.2.0/configure --prefix=/usr --with-pkgversion='Clear Linux OS for Intel Architecture' --libdir=/usr/lib64 --enable-libstdcxx-pch --libexecdir=/usr/lib64 --with-system-zlib --enable-shared --enable-gnu-indirect-function --disable-vtable-verify --enable-threads=posix --enable-__cxa_atexit --enable-plugin --enable-ld=default --enable-clocale=gnu --disable-multiarch --enable-multilib --enable-lto --disable-werror --enable-linker-build-id --build=x86_64-generic-linux --target=x86_64-generic-linux --enable-languages=c,c++,fortran,go --enable-bootstrap --with-ppl=yes --with-isl --includedir=/usr/include --exec-prefix=/usr --with-glibc-version=2.19 --disable-libunwind-exceptions --with-gnu-ld --with-tune=haswell --with-arch=westmere --enable-cet --disable-libmpx --with-gcc-major-version-only --enable-default-pie
Thread model: posix
Supported LTO compression algorithms: zlib
gcc version 10.2.1 20201202 releases/gcc-10.2.0-593-ge563687cf9 (Clear Linux OS for Intel Architecture) 
COMPILER_PATH=/usr/lib64/gcc/x86_64-generic-linux/10/:/usr/lib64/gcc/x86_64-generic-linux/10/:/usr/lib64/gcc/x86_64-generic-linux/:/usr/lib64/gcc/x86_64-generic-linux/10/:/usr/lib64/gcc/x86_64-generic-linux/
LIBRARY_PATH=/usr/lib64/gcc/x86_64-generic-linux/10/:/usr/lib64/gcc/x86_64-generic-linux/10/../../../../lib64/:/lib/../lib64/:/usr/lib/../lib64/:/usr/lib64/gcc/x86_64-generic-linux/10/../../../:/lib/:/usr/lib/
COLLECT_GCC_OPTIONS='-g' '-O3' '-feliminate-unused-debug-types' '-pipe' '-Wall' '-fexceptions' '-fstack-protector' '--param=ssp-buffer-size=32' '-Wformat=1' '-Wformat-security' '-m64' '-fasynchronous-unwind-tables' '-ftree-loop-distribute-patterns' '-fno-semantic-interposition' '-ffat-lto-objects' '-fno-trapping-math' '-mtune=skylake' '-v' '-o' 'cmTC_33c80' '-march=westmere'
 /usr/lib64/gcc/x86_64-generic-linux/10/collect2 -plugin /usr/lib64/gcc/x86_64-generic-linux/10/liblto_plugin.so -plugin-opt=/usr/lib64/gcc/x86_64-generic-linux/10/lto-wrapper -plugin-opt=-fresolution=/tmp/cchv8GlT.res -plugin-opt=-pass-through=-lgcc -plugin-opt=-pass-through=-lgcc_s -plugin-opt=-pass-through=-lc -plugin-opt=-pass-through=-lgcc -plugin-opt=-pass-through=-lgcc_s --build-id --eh-frame-hdr -m elf_x86_64 -dynamic-linker /lib64/ld-linux-x86-64.so.2 -pie -z now -o cmTC_33c80 /usr/lib64/gcc/x86_64-generic-linux/10/../../../../lib64/Scrt1.o /usr/lib64/gcc/x86_64-generic-linux/10/../../../../lib64/crti.o /usr/lib64/gcc/x86_64-generic-linux/10/crtbeginS.o -L/usr/lib64/gcc/x86_64-generic-linux/10 -L/usr/lib64/gcc/x86_64-generic-linux/10/../../../../lib64 -L/lib/../lib64 -L/usr/lib/../lib64 -L/usr/lib64/gcc/x86_64-generic-linux/10/../../.. -z now -z relro -sort-common --enable-new-dtags CMakeFiles/cmTC_33c80.dir/CMakeCCompilerABI.c.o -lgcc --push-state --as-needed -lgcc_s --pop-state -lc -lgcc --push-state --as-needed -lgcc_s --pop-state /usr/lib64/gcc/x86_64-generic-linux/10/crtendS.o /usr/lib64/gcc/x86_64-generic-linux/10/../../../../lib64/crtn.o
COLLECT_GCC_OPTIONS='-g' '-O3' '-feliminate-unused-debug-types' '-pipe' '-Wall' '-fexceptions' '-fstack-protector' '--param=ssp-buffer-size=32' '-Wformat=1' '-Wformat-security' '-m64' '-fasynchronous-unwind-tables' '-ftree-loop-distribute-patterns' '-fno-semantic-interposition' '-ffat-lto-objects' '-fno-trapping-math' '-mtune=skylake' '-v' '-o' 'cmTC_33c80' '-march=westmere'
gmake[1]: Leaving directory '/home/alby/graph/graph/CMakeFiles/CMakeTmp'



Parsed C implicit include dir info from above output: rv=done
  found start of include info
  found start of implicit include info
    add: [/usr/lib64/gcc/x86_64-generic-linux/10/include]
    add: [/usr/local/include]
    add: [/usr/lib64/gcc/x86_64-generic-linux/10/include-fixed]
    add: [/usr/include]
  end of search list found
  collapse include dir [/usr/lib64/gcc/x86_64-generic-linux/10/include] ==> [/usr/lib64/gcc/x86_64-generic-linux/10/include]
  collapse include dir [/usr/local/include] ==> [/usr/local/include]
  collapse include dir [/usr/lib64/gcc/x86_64-generic-linux/10/include-fixed] ==> [/usr/lib64/gcc/x86_64-generic-linux/10/include-fixed]
  collapse include dir [/usr/include] ==> [/usr/include]
  implicit include dirs: [/usr/lib64/gcc/x86_64-generic-linux/10/include;/usr/local/include;/usr/lib64/gcc/x86_64-generic-linux/10/include-fixed;/usr/include]


Parsed C implicit link information from above output:
  link line regex: [^( *|.*[/\])(ld|CMAKE_LINK_STARTFILE-NOTFOUND|([^/\]+-)?ld|collect2)[^/\]*( |$)]
  ignore line: [Change Dir: /home/alby/graph/graph/CMakeFiles/CMakeTmp]
  ignore line: []
  ignore line: [Run Build Command(s):/usr/bin/gmake cmTC_33c80/fast && /usr/bin/gmake  -f CMakeFiles/cmTC_33c80.dir/build.make CMakeFiles/cmTC_33c80.dir/build]
  ignore line: [gmake[1]: Entering directory '/home/alby/graph/graph/CMakeFiles/CMakeTmp']
  ignore line: [Building C object CMakeFiles/cmTC_33c80.dir/CMakeCCompilerABI.c.o]
  ignore line: [/usr/bin/gcc   -g -O3 -feliminate-unused-debug-types -pipe -Wall -Wp -D_FORTIFY_SOURCE=2 -fexceptions -fstack-protector --param=ssp-buffer-size=32 -Wformat -Wformat-security -m64 -fasynchronous-unwind-tables -Wp -D_REENTRANT -ftree-loop-distribute-patterns -Wl -z -Wl now -Wl -z -Wl relro -fno-semantic-interposition -ffat-lto-objects -fno-trapping-math -Wl -sort-common -Wl --enable-new-dtags -mtune=skylake -Wa -mbranches-within-32B-boundaries    -v -o CMakeFiles/cmTC_33c80.dir/CMakeCCompilerABI.c.o   -c /home/alby/Desktop/clion-2020.2.3/bin/cmake/linux/share/cmake-3.17/Modules/CMakeCCompilerABI.c]
  ignore line: [Using built-in specs.]
  ignore line: [COLLECT_AS_OPTIONS='-mbranches-within-32B-boundaries']
  ignore line: [COLLECT_GCC=/usr/bin/gcc]
  ignore line: [Target: x86_64-generic-linux]
  ignore line: [Configured with: ../gcc-10.2.0/configure --prefix=/usr --with-pkgversion='Clear Linux OS for Intel Architecture' --libdir=/usr/lib64 --enable-libstdcxx-pch --libexecdir=/usr/lib64 --with-system-zlib --enable-shared --enable-gnu-indirect-function --disable-vtable-verify --enable-threads=posix --enable-__cxa_atexit --enable-plugin --enable-ld=default --enable-clocale=gnu --disable-multiarch --enable-multilib --enable-lto --disable-werror --enable-linker-build-id --build=x86_64-generic-linux --target=x86_64-generic-linux --enable-languages=c,c++,fortran,go --enable-bootstrap --with-ppl=yes --with-isl --includedir=/usr/include --exec-prefix=/usr --with-glibc-version=2.19 --disable-libunwind-exceptions --with-gnu-ld --with-tune=haswell --with-arch=westmere --enable-cet --disable-libmpx --with-gcc-major-version-only --enable-default-pie]
  ignore line: [Thread model: posix]
  ignore line: [Supported LTO compression algorithms: zlib]
  ignore line: [gcc version 10.2.1 20201202 releases/gcc-10.2.0-593-ge563687cf9 (Clear Linux OS for Intel Architecture) ]
  ignore line: [COLLECT_GCC_OPTIONS='-g' '-O3' '-feliminate-unused-debug-types' '-pipe' '-Wall' '-fexceptions' '-fstack-protector' '--param=ssp-buffer-size=32' '-Wformat=1' '-Wformat-security' '-m64' '-fasynchronous-unwind-tables' '-ftree-loop-distribute-patterns' '-fno-semantic-interposition' '-ffat-lto-objects' '-fno-trapping-math' '-mtune=skylake' '-v' '-o' 'CMakeFiles/cmTC_33c80.dir/CMakeCCompilerABI.c.o' '-c' '-march=westmere']
  ignore line: [ /usr/lib64/gcc/x86_64-generic-linux/10/cc1 -quiet -v -D_FORTIFY_SOURCE=2 -D_REENTRANT /home/alby/Desktop/clion-2020.2.3/bin/cmake/linux/share/cmake-3.17/Modules/CMakeCCompilerABI.c -quiet -dumpbase CMakeCCompilerABI.c -m64 -mtune=skylake -march=westmere -auxbase-strip CMakeFiles/cmTC_33c80.dir/CMakeCCompilerABI.c.o -g -O3 -Wall -Wformat=1 -Wformat-security -version -feliminate-unused-debug-types -fexceptions -fstack-protector -fasynchronous-unwind-tables -ftree-loop-distribute-patterns -fno-semantic-interposition -ffat-lto-objects -fno-trapping-math --param=ssp-buffer-size=32 -o - |]
  ignore line: [ as -v --64 -mbranches-within-32B-boundaries -o CMakeFiles/cmTC_33c80.dir/CMakeCCompilerABI.c.o]
  ignore line: [GNU C17 (Clear Linux OS for Intel Architecture) version 10.2.1 20201202 releases/gcc-10.2.0-593-ge563687cf9 (x86_64-generic-linux)]
  ignore line: [	compiled by GNU C version 10.2.1 20201202 releases/gcc-10.2.0-593-ge563687cf9  GMP version 6.2.1  MPFR version 4.1.0  MPC version 1.2.0  isl version isl-0.16.1-GMP]
  ignore line: []
  ignore line: [GGC heuristics: --param ggc-min-expand=100 --param ggc-min-heapsize=131072]
  ignore line: [ignoring nonexistent directory "/usr/lib64/gcc/x86_64-generic-linux/10/../../../../x86_64-generic-linux/include"]
  ignore line: [#include "..." search starts here:]
  ignore line: [#include <...> search starts here:]
  ignore line: [ /usr/lib64/gcc/x86_64-generic-linux/10/include]
  ignore line: [ /usr/local/include]
  ignore line: [ /usr/lib64/gcc/x86_64-generic-linux/10/include-fixed]
  ignore line: [ /usr/include]
  ignore line: [End of search list.]
  ignore line: [GNU assembler version 2.35.1 (x86_64-generic-linux) using BFD version (GNU Binutils) 2.35.1.20190203]
  ignore line: [GNU C17 (Clear Linux OS for Intel Architecture) version 10.2.1 20201202 releases/gcc-10.2.0-593-ge563687cf9 (x86_64-generic-linux)]
  ignore line: [	compiled by GNU C version 10.2.1 20201202 releases/gcc-10.2.0-593-ge563687cf9  GMP version 6.2.1  MPFR version 4.1.0  MPC version 1.2.0  isl version isl-0.16.1-GMP]
  ignore line: []
  ignore line: [GGC heuristics: --param ggc-min-expand=100 --param ggc-min-heapsize=131072]
  ignore line: [Compiler executable checksum: 9d7f02e84e20e79d307d9fb6dc333754]
  ignore line: [COMPILER_PATH=/usr/lib64/gcc/x86_64-generic-linux/10/:/usr/lib64/gcc/x86_64-generic-linux/10/:/usr/lib64/gcc/x86_64-generic-linux/:/usr/lib64/gcc/x86_64-generic-linux/10/:/usr/lib64/gcc/x86_64-generic-linux/]
  ignore line: [LIBRARY_PATH=/usr/lib64/gcc/x86_64-generic-linux/10/:/usr/lib64/gcc/x86_64-generic-linux/10/../../../../lib64/:/lib/../lib64/:/usr/lib/../lib64/:/usr/lib64/gcc/x86_64-generic-linux/10/../../../:/lib/:/usr/lib/]
  ignore line: [COLLECT_GCC_OPTIONS='-g' '-O3' '-feliminate-unused-debug-types' '-pipe' '-Wall' '-fexceptions' '-fstack-protector' '--param=ssp-buffer-size=32' '-Wformat=1' '-Wformat-security' '-m64' '-fasynchronous-unwind-tables' '-ftree-loop-distribute-patterns' '-fno-semantic-interposition' '-ffat-lto-objects' '-fno-trapping-math' '-mtune=skylake' '-v' '-o' 'CMakeFiles/cmTC_33c80.dir/CMakeCCompilerABI.c.o' '-c' '-march=westmere']
  ignore line: [Linking C executable cmTC_33c80]
  ignore line: [/home/alby/Desktop/clion-2020.2.3/bin/cmake/linux/bin/cmake -E cmake_link_script CMakeFiles/cmTC_33c80.dir/link.txt --verbose=1]
  ignore line: [/usr/bin/gcc -g -O3 -feliminate-unused-debug-types -pipe -Wall -Wp -D_FORTIFY_SOURCE=2 -fexceptions -fstack-protector --param=ssp-buffer-size=32 -Wformat -Wformat-security -m64 -fasynchronous-unwind-tables -Wp -D_REENTRANT -ftree-loop-distribute-patterns -Wl -z -Wl now -Wl -z -Wl relro -fno-semantic-interposition -ffat-lto-objects -fno-trapping-math -Wl -sort-common -Wl --enable-new-dtags -mtune=skylake -Wa -mbranches-within-32B-boundaries    -v CMakeFiles/cmTC_33c80.dir/CMakeCCompilerABI.c.o  -o cmTC_33c80 ]
  ignore line: [Using built-in specs.]
  ignore line: [COLLECT_AS_OPTIONS='-mbranches-within-32B-boundaries']
  ignore line: [COLLECT_GCC=/usr/bin/gcc]
  ignore line: [COLLECT_LTO_WRAPPER=/usr/lib64/gcc/x86_64-generic-linux/10/lto-wrapper]
  ignore line: [Target: x86_64-generic-linux]
  ignore line: [Configured with: ../gcc-10.2.0/configure --prefix=/usr --with-pkgversion='Clear Linux OS for Intel Architecture' --libdir=/usr/lib64 --enable-libstdcxx-pch --libexecdir=/usr/lib64 --with-system-zlib --enable-shared --enable-gnu-indirect-function --disable-vtable-verify --enable-threads=posix --enable-__cxa_atexit --enable-plugin --enable-ld=default --enable-clocale=gnu --disable-multiarch --enable-multilib --enable-lto --disable-werror --enable-linker-build-id --build=x86_64-generic-linux --target=x86_64-generic-linux --enable-languages=c,c++,fortran,go --enable-bootstrap --with-ppl=yes --with-isl --includedir=/usr/include --exec-prefix=/usr --with-glibc-version=2.19 --disable-libunwind-exceptions --with-gnu-ld --with-tune=haswell --with-arch=westmere --enable-cet --disable-libmpx --with-gcc-major-version-only --enable-default-pie]
  ignore line: [Thread model: posix]
  ignore line: [Supported LTO compression algorithms: zlib]
  ignore line: [gcc version 10.2.1 20201202 releases/gcc-10.2.0-593-ge563687cf9 (Clear Linux OS for Intel Architecture) ]
  ignore line: [COMPILER_PATH=/usr/lib64/gcc/x86_64-generic-linux/10/:/usr/lib64/gcc/x86_64-generic-linux/10/:/usr/lib64/gcc/x86_64-generic-linux/:/usr/lib64/gcc/x86_64-generic-linux/10/:/usr/lib64/gcc/x86_64-generic-linux/]
  ignore line: [LIBRARY_PATH=/usr/lib64/gcc/x86_64-generic-linux/10/:/usr/lib64/gcc/x86_64-generic-linux/10/../../../../lib64/:/lib/../lib64/:/usr/lib/../lib64/:/usr/lib64/gcc/x86_64-generic-linux/10/../../../:/lib/:/usr/lib/]
  ignore line: [COLLECT_GCC_OPTIONS='-g' '-O3' '-feliminate-unused-debug-types' '-pipe' '-Wall' '-fexceptions' '-fstack-protector' '--param=ssp-buffer-size=32' '-Wformat=1' '-Wformat-security' '-m64' '-fasynchronous-unwind-tables' '-ftree-loop-distribute-patterns' '-fno-semantic-interposition' '-ffat-lto-objects' '-fno-trapping-math' '-mtune=skylake' '-v' '-o' 'cmTC_33c80' '-march=westmere']
  link line: [ /usr/lib64/gcc/x86_64-generic-linux/10/collect2 -plugin /usr/lib64/gcc/x86_64-generic-linux/10/liblto_plugin.so -plugin-opt=/usr/lib64/gcc/x86_64-generic-linux/10/lto-wrapper -plugin-opt=-fresolution=/tmp/cchv8GlT.res -plugin-opt=-pass-through=-lgcc -plugin-opt=-pass-through=-lgcc_s -plugin-opt=-pass-through=-lc -plugin-opt=-pass-through=-lgcc -plugin-opt=-pass-through=-lgcc_s --build-id --eh-frame-hdr -m elf_x86_64 -dynamic-linker /lib64/ld-linux-x86-64.so.2 -pie -z now -o cmTC_33c80 /usr/lib64/gcc/x86_64-generic-linux/10/../../../../lib64/Scrt1.o /usr/lib64/gcc/x86_64-generic-linux/10/../../../../lib64/crti.o /usr/lib64/gcc/x86_64-generic-linux/10/crtbeginS.o -L/usr/lib64/gcc/x86_64-generic-linux/10 -L/usr/lib64/gcc/x86_64-generic-linux/10/../../../../lib64 -L/lib/../lib64 -L/usr/lib/../lib64 -L/usr/lib64/gcc/x86_64-generic-linux/10/../../.. -z now -z relro -sort-common --enable-new-dtags CMakeFiles/cmTC_33c80.dir/CMakeCCompilerABI.c.o -lgcc --push-state --as-needed -lgcc_s --pop-state -lc -lgcc --push-state --as-needed -lgcc_s --pop-state /usr/lib64/gcc/x86_64-generic-linux/10/crtendS.o /usr/lib64/gcc/x86_64-generic-linux/10/../../../../lib64/crtn.o]
    arg [/usr/lib64/gcc/x86_64-generic-linux/10/collect2] ==> ignore
    arg [-plugin] ==> ignore
    arg [/usr/lib64/gcc/x86_64-generic-linux/10/liblto_plugin.so] ==> ignore
    arg [-plugin-opt=/usr/lib64/gcc/x86_64-generic-linux/10/lto-wrapper] ==> ignore
    arg [-plugin-opt=-fresolution=/tmp/cchv8GlT.res] ==> ignore
    arg [-plugin-opt=-pass-through=-lgcc] ==> ignore
    arg [-plugin-opt=-pass-through=-lgcc_s] ==> ignore
    arg [-plugin-opt=-pass-through=-lc] ==> ignore
    arg [-plugin-opt=-pass-through=-lgcc] ==> ignore
    arg [-plugin-opt=-pass-through=-lgcc_s] ==> ignore
    arg [--build-id] ==> ignore
    arg [--eh-frame-hdr] ==> ignore
    arg [-m] ==> ignore
    arg [elf_x86_64] ==> ignore
    arg [-dynamic-linker] ==> ignore
    arg [/lib64/ld-linux-x86-64.so.2] ==> ignore
    arg [-pie] ==> ignore
    arg [-znow] ==> ignore
    arg [-o] ==> ignore
    arg [cmTC_33c80] ==> ignore
    arg [/usr/lib64/gcc/x86_64-generic-linux/10/../../../../lib64/Scrt1.o] ==> ignore
    arg [/usr/lib64/gcc/x86_64-generic-linux/10/../../../../lib64/crti.o] ==> ignore
    arg [/usr/lib64/gcc/x86_64-generic-linux/10/crtbeginS.o] ==> ignore
    arg [-L/usr/lib64/gcc/x86_64-generic-linux/10] ==> dir [/usr/lib64/gcc/x86_64-generic-linux/10]
    arg [-L/usr/lib64/gcc/x86_64-generic-linux/10/../../../../lib64] ==> dir [/usr/lib64/gcc/x86_64-generic-linux/10/../../../../lib64]
    arg [-L/lib/../lib64] ==> dir [/lib/../lib64]
    arg [-L/usr/lib/../lib64] ==> dir [/usr/lib/../lib64]
    arg [-L/usr/lib64/gcc/x86_64-generic-linux/10/../../..] ==> dir [/usr/lib64/gcc/x86_64-generic-linux/10/../../..]
    arg [-znow] ==> ignore
    arg [-zrelro] ==> ignore
    arg [-sort-common] ==> ignore
    arg [--enable-new-dtags] ==> ignore
    arg [CMakeFiles/cmTC_33c80.dir/CMakeCCompilerABI.c.o] ==> ignore
    arg [-lgcc] ==> lib [gcc]
    arg [--push-state] ==> ignore
    arg [--as-needed] ==> ignore
    arg [-lgcc_s] ==> lib [gcc_s]
    arg [--pop-state] ==> ignore
    arg [-lc] ==> lib [c]
    arg [-lgcc] ==> lib [gcc]
    arg [--push-state] ==> ignore
    arg [--as-needed] ==> ignore
    arg [-lgcc_s] ==> lib [gcc_s]
    arg [--pop-state] ==> ignore
    arg [/usr/lib64/gcc/x86_64-generic-linux/10/crtendS.o] ==> ignore
    arg [/usr/lib64/gcc/x86_64-generic-linux/10/../../../../lib64/crtn.o] ==> ignore
  collapse library dir [/usr/lib64/gcc/x86_64-generic-linux/10] ==> [/usr/lib64/gcc/x86_64-generic-linux/10]
  collapse library dir [/usr/lib64/gcc/x86_64-generic-linux/10/../../../../lib64] ==> [/usr/lib64]
  collapse library dir [/lib/../lib64] ==> [/lib64]
  collapse library dir [/usr/lib/../lib64] ==> [/usr/lib64]
  collapse library dir [/usr/lib64/gcc/x86_64-generic-linux/10/../../..] ==> [/usr/lib64]
  implicit libs: [gcc;gcc_s;c;gcc;gcc_s]
  implicit dirs: [/usr/lib64/gcc/x86_64-generic-linux/10;/usr/lib64;/lib64]
  implicit fwks: []


Determining if the CXX compiler works passed with the following output:
Change Dir: /home/alby/graph/graph/CMakeFiles/CMakeTmp

Run Build Command(s):/usr/bin/gmake cmTC_9bcc4/fast && /usr/bin/gmake  -f CMakeFiles/cmTC_9bcc4.dir/build.make CMakeFiles/cmTC_9bcc4.dir/build
gmake[1]: Entering directory '/home/alby/graph/graph/CMakeFiles/CMakeTmp'
Building CXX object CMakeFiles/cmTC_9bcc4.dir/testCXXCompiler.cxx.o
/usr/bin/g++    -g -O3 -feliminate-unused-debug-types -pipe -Wall -Wp,-D_FORTIFY_SOURCE=2 -fexceptions -fstack-protector --param=ssp-buffer-size=32 -Wformat -Wformat-security -m64 -fasynchronous-unwind-tables -Wp,-D_REENTRANT -ftree-loop-distribute-patterns -Wl,-z -Wl,now -Wl,-z -Wl,relro -fno-semantic-interposition -ffat-lto-objects -fno-trapping-math -Wl,-sort-common -Wl,--enable-new-dtags -mtune=skylake -Wa,-mbranches-within-32B-boundaries -fvisibility-inlines-hidden -Wl,--enable-new-dtags    -o CMakeFiles/cmTC_9bcc4.dir/testCXXCompiler.cxx.o -c /home/alby/graph/graph/CMakeFiles/CMakeTmp/testCXXCompiler.cxx
Linking CXX executable cmTC_9bcc4
/home/alby/Desktop/clion-2020.2.3/bin/cmake/linux/bin/cmake -E cmake_link_script CMakeFiles/cmTC_9bcc4.dir/link.txt --verbose=1
/usr/bin/g++  -g -O3 -feliminate-unused-debug-types -pipe -Wall -Wp,-D_FORTIFY_SOURCE=2 -fexceptions -fstack-protector --param=ssp-buffer-size=32 -Wformat -Wformat-security -m64 -fasynchronous-unwind-tables -Wp,-D_REENTRANT -ftree-loop-distribute-patterns -Wl,-z -Wl,now -Wl,-z -Wl,relro -fno-semantic-interposition -ffat-lto-objects -fno-trapping-math -Wl,-sort-common -Wl,--enable-new-dtags -mtune=skylake -Wa,-mbranches-within-32B-boundaries -fvisibility-inlines-hidden -Wl,--enable-new-dtags     CMakeFiles/cmTC_9bcc4.dir/testCXXCompiler.cxx.o  -o cmTC_9bcc4 
gmake[1]: Leaving directory '/home/alby/graph/graph/CMakeFiles/CMakeTmp'



Detecting CXX compiler ABI info compiled with the following output:
Change Dir: /home/alby/graph/graph/CMakeFiles/CMakeTmp

Run Build Command(s):/usr/bin/gmake cmTC_801c4/fast && /usr/bin/gmake  -f CMakeFiles/cmTC_801c4.dir/build.make CMakeFiles/cmTC_801c4.dir/build
gmake[1]: Entering directory '/home/alby/graph/graph/CMakeFiles/CMakeTmp'
Building CXX object CMakeFiles/cmTC_801c4.dir/CMakeCXXCompilerABI.cpp.o
/usr/bin/g++    -g -O3 -feliminate-unused-debug-types -pipe -Wall -Wp,-D_FORTIFY_SOURCE=2 -fexceptions -fstack-protector --param=ssp-buffer-size=32 -Wformat -Wformat-security -m64 -fasynchronous-unwind-tables -Wp,-D_REENTRANT -ftree-loop-distribute-patterns -Wl,-z -Wl,now -Wl,-z -Wl,relro -fno-semantic-interposition -ffat-lto-objects -fno-trapping-math -Wl,-sort-common -Wl,--enable-new-dtags -mtune=skylake -Wa,-mbranches-within-32B-boundaries -fvisibility-inlines-hidden -Wl,--enable-new-dtags    -v -o CMakeFiles/cmTC_801c4.dir/CMakeCXXCompilerABI.cpp.o -c /home/alby/Desktop/clion-2020.2.3/bin/cmake/linux/share/cmake-3.17/Modules/CMakeCXXCompilerABI.cpp
Using built-in specs.
COLLECT_AS_OPTIONS='-mbranches-within-32B-boundaries'
COLLECT_GCC=/usr/bin/g++
Target: x86_64-generic-linux
Configured with: ../gcc-10.2.0/configure --prefix=/usr --with-pkgversion='Clear Linux OS for Intel Architecture' --libdir=/usr/lib64 --enable-libstdcxx-pch --libexecdir=/usr/lib64 --with-system-zlib --enable-shared --enable-gnu-indirect-function --disable-vtable-verify --enable-threads=posix --enable-__cxa_atexit --enable-plugin --enable-ld=default --enable-clocale=gnu --disable-multiarch --enable-multilib --enable-lto --disable-werror --enable-linker-build-id --build=x86_64-generic-linux --target=x86_64-generic-linux --enable-languages=c,c++,fortran,go --enable-bootstrap --with-ppl=yes --with-isl --includedir=/usr/include --exec-prefix=/usr --with-glibc-version=2.19 --disable-libunwind-exceptions --with-gnu-ld --with-tune=haswell --with-arch=westmere --enable-cet --disable-libmpx --with-gcc-major-version-only --enable-default-pie
Thread model: posix
Supported LTO compression algorithms: zlib
gcc version 10.2.1 20201202 releases/gcc-10.2.0-593-ge563687cf9 (Clear Linux OS for Intel Architecture) 
COLLECT_GCC_OPTIONS='-g' '-O3' '-feliminate-unused-debug-types' '-pipe' '-Wall' '-fexceptions' '-fstack-protector' '--param=ssp-buffer-size=32' '-Wformat=1' '-Wformat-security' '-m64' '-fasynchronous-unwind-tables' '-ftree-loop-distribute-patterns' '-fno-semantic-interposition' '-ffat-lto-objects' '-fno-trapping-math' '-mtune=skylake' '-fvisibility-inlines-hidden' '-v' '-o' 'CMakeFiles/cmTC_801c4.dir/CMakeCXXCompilerABI.cpp.o' '-c' '-shared-libgcc' '-march=westmere'
 /usr/lib64/gcc/x86_64-generic-linux/10/cc1plus -quiet -v -D_GNU_SOURCE -D_FORTIFY_SOURCE=2 -D_REENTRANT /home/alby/Desktop/clion-2020.2.3/bin/cmake/linux/share/cmake-3.17/Modules/CMakeCXXCompilerABI.cpp -quiet -dumpbase CMakeCXXCompilerABI.cpp -m64 -mtune=skylake -march=westmere -auxbase-strip CMakeFiles/cmTC_801c4.dir/CMakeCXXCompilerABI.cpp.o -g -O3 -Wall -Wformat=1 -Wformat-security -version -feliminate-unused-debug-types -fexceptions -fstack-protector -fasynchronous-unwind-tables -ftree-loop-distribute-patterns -fno-semantic-interposition -ffat-lto-objects -fno-trapping-math -fvisibility-inlines-hidden --param=ssp-buffer-size=32 -o - |
 as -v --64 -mbranches-within-32B-boundaries -o CMakeFiles/cmTC_801c4.dir/CMakeCXXCompilerABI.cpp.o
GNU C++14 (Clear Linux OS for Intel Architecture) version 10.2.1 20201202 releases/gcc-10.2.0-593-ge563687cf9 (x86_64-generic-linux)
	compiled by GNU C version 10.2.1 20201202 releases/gcc-10.2.0-593-ge563687cf9, GMP version 6.2.1, MPFR version 4.1.0, MPC version 1.2.0, isl version isl-0.16.1-GMP

GGC heuristics: --param ggc-min-expand=100 --param ggc-min-heapsize=131072
ignoring nonexistent directory "/usr/lib64/gcc/x86_64-generic-linux/10/../../../../x86_64-generic-linux/include"
#include "..." search starts here:
#include <...> search starts here:
 /usr/lib64/gcc/x86_64-generic-linux/10/../../../../include/c++/10
 /usr/lib64/gcc/x86_64-generic-linux/10/../../../../include/c++/10/x86_64-generic-linux
 /usr/lib64/gcc/x86_64-generic-linux/10/../../../../include/c++/10/backward
 /usr/lib64/gcc/x86_64-generic-linux/10/include
 /usr/local/include
 /usr/lib64/gcc/x86_64-generic-linux/10/include-fixed
 /usr/include
End of search list.
GNU C++14 (Clear Linux OS for Intel Architecture) version 10.2.1 20201202 releases/gcc-10.2.0-593-ge563687cf9 (x86_64-generic-linux)
	compiled by GNU C version 10.2.1 20201202 releases/gcc-10.2.0-593-ge563687cf9, GMP version 6.2.1, MPFR version 4.1.0, MPC version 1.2.0, isl version isl-0.16.1-GMP

GGC heuristics: --param ggc-min-expand=100 --param ggc-min-heapsize=131072
Compiler executable checksum: 7f67d4e8ea7c8109afc44692a5f32441
GNU assembler version 2.35.1 (x86_64-generic-linux) using BFD version (GNU Binutils) 2.35.1.20190203
COMPILER_PATH=/usr/lib64/gcc/x86_64-generic-linux/10/:/usr/lib64/gcc/x86_64-generic-linux/10/:/usr/lib64/gcc/x86_64-generic-linux/:/usr/lib64/gcc/x86_64-generic-linux/10/:/usr/lib64/gcc/x86_64-generic-linux/
LIBRARY_PATH=/usr/lib64/gcc/x86_64-generic-linux/10/:/usr/lib64/gcc/x86_64-generic-linux/10/../../../../lib64/:/lib/../lib64/:/usr/lib/../lib64/:/usr/lib64/gcc/x86_64-generic-linux/10/../../../:/lib/:/usr/lib/
COLLECT_GCC_OPTIONS='-g' '-O3' '-feliminate-unused-debug-types' '-pipe' '-Wall' '-fexceptions' '-fstack-protector' '--param=ssp-buffer-size=32' '-Wformat=1' '-Wformat-security' '-m64' '-fasynchronous-unwind-tables' '-ftree-loop-distribute-patterns' '-fno-semantic-interposition' '-ffat-lto-objects' '-fno-trapping-math' '-mtune=skylake' '-fvisibility-inlines-hidden' '-v' '-o' 'CMakeFiles/cmTC_801c4.dir/CMakeCXXCompilerABI.cpp.o' '-c' '-shared-libgcc' '-march=westmere'
Linking CXX executable cmTC_801c4
/home/alby/Desktop/clion-2020.2.3/bin/cmake/linux/bin/cmake -E cmake_link_script CMakeFiles/cmTC_801c4.dir/link.txt --verbose=1
/usr/bin/g++  -g -O3 -feliminate-unused-debug-types -pipe -Wall -Wp,-D_FORTIFY_SOURCE=2 -fexceptions -fstack-protector --param=ssp-buffer-size=32 -Wformat -Wformat-security -m64 -fasynchronous-unwind-tables -Wp,-D_REENTRANT -ftree-loop-distribute-patterns -Wl,-z -Wl,now -Wl,-z -Wl,relro -fno-semantic-interposition -ffat-lto-objects -fno-trapping-math -Wl,-sort-common -Wl,--enable-new-dtags -mtune=skylake -Wa,-mbranches-within-32B-boundaries -fvisibility-inlines-hidden -Wl,--enable-new-dtags    -v CMakeFiles/cmTC_801c4.dir/CMakeCXXCompilerABI.cpp.o  -o cmTC_801c4 
Using built-in specs.
COLLECT_AS_OPTIONS='-mbranches-within-32B-boundaries'
COLLECT_GCC=/usr/bin/g++
COLLECT_LTO_WRAPPER=/usr/lib64/gcc/x86_64-generic-linux/10/lto-wrapper
Target: x86_64-generic-linux
Configured with: ../gcc-10.2.0/configure --prefix=/usr --with-pkgversion='Clear Linux OS for Intel Architecture' --libdir=/usr/lib64 --enable-libstdcxx-pch --libexecdir=/usr/lib64 --with-system-zlib --enable-shared --enable-gnu-indirect-function --disable-vtable-verify --enable-threads=posix --enable-__cxa_atexit --enable-plugin --enable-ld=default --enable-clocale=gnu --disable-multiarch --enable-multilib --enable-lto --disable-werror --enable-linker-build-id --build=x86_64-generic-linux --target=x86_64-generic-linux --enable-languages=c,c++,fortran,go --enable-bootstrap --with-ppl=yes --with-isl --includedir=/usr/include --exec-prefix=/usr --with-glibc-version=2.19 --disable-libunwind-exceptions --with-gnu-ld --with-tune=haswell --with-arch=westmere --enable-cet --disable-libmpx --with-gcc-major-version-only --enable-default-pie
Thread model: posix
Supported LTO compression algorithms: zlib
gcc version 10.2.1 20201202 releases/gcc-10.2.0-593-ge563687cf9 (Clear Linux OS for Intel Architecture) 
COMPILER_PATH=/usr/lib64/gcc/x86_64-generic-linux/10/:/usr/lib64/gcc/x86_64-generic-linux/10/:/usr/lib64/gcc/x86_64-generic-linux/:/usr/lib64/gcc/x86_64-generic-linux/10/:/usr/lib64/gcc/x86_64-generic-linux/
LIBRARY_PATH=/usr/lib64/gcc/x86_64-generic-linux/10/:/usr/lib64/gcc/x86_64-generic-linux/10/../../../../lib64/:/lib/../lib64/:/usr/lib/../lib64/:/usr/lib64/gcc/x86_64-generic-linux/10/../../../:/lib/:/usr/lib/
COLLECT_GCC_OPTIONS='-g' '-O3' '-feliminate-unused-debug-types' '-pipe' '-Wall' '-fexceptions' '-fstack-protector' '--param=ssp-buffer-size=32' '-Wformat=1' '-Wformat-security' '-m64' '-fasynchronous-unwind-tables' '-ftree-loop-distribute-patterns' '-fno-semantic-interposition' '-ffat-lto-objects' '-fno-trapping-math' '-mtune=skylake' '-fvisibility-inlines-hidden' '-v' '-o' 'cmTC_801c4' '-shared-libgcc' '-march=westmere'
 /usr/lib64/gcc/x86_64-generic-linux/10/collect2 -plugin /usr/lib64/gcc/x86_64-generic-linux/10/liblto_plugin.so -plugin-opt=/usr/lib64/gcc/x86_64-generic-linux/10/lto-wrapper -plugin-opt=-fresolution=/tmp/ccIawDyz.res -plugin-opt=-pass-through=-lgcc_s -plugin-opt=-pass-through=-lgcc -plugin-opt=-pass-through=-lc -plugin-opt=-pass-through=-lgcc_s -plugin-opt=-pass-through=-lgcc --build-id --eh-frame-hdr -m elf_x86_64 -dynamic-linker /lib64/ld-linux-x86-64.so.2 -pie -z now -o cmTC_801c4 /usr/lib64/gcc/x86_64-generic-linux/10/../../../../lib64/Scrt1.o /usr/lib64/gcc/x86_64-generic-linux/10/../../../../lib64/crti.o /usr/lib64/gcc/x86_64-generic-linux/10/crtbeginS.o -L/usr/lib64/gcc/x86_64-generic-linux/10 -L/usr/lib64/gcc/x86_64-generic-linux/10/../../../../lib64 -L/lib/../lib64 -L/usr/lib/../lib64 -L/usr/lib64/gcc/x86_64-generic-linux/10/../../.. -z now -z relro -sort-common --enable-new-dtags --enable-new-dtags CMakeFiles/cmTC_801c4.dir/CMakeCXXCompilerABI.cpp.o -lstdc++ -lm -lgcc_s -lgcc -lc -lgcc_s -lgcc /usr/lib64/gcc/x86_64-generic-linux/10/crtendS.o /usr/lib64/gcc/x86_64-generic-linux/10/../../../../lib64/crtn.o
COLLECT_GCC_OPTIONS='-g' '-O3' '-feliminate-unused-debug-types' '-pipe' '-Wall' '-fexceptions' '-fstack-protector' '--param=ssp-buffer-size=32' '-Wformat=1' '-Wformat-security' '-m64' '-fasynchronous-unwind-tables' '-ftree-loop-distribute-patterns' '-fno-semantic-interposition' '-ffat-lto-objects' '-fno-trapping-math' '-mtune=skylake' '-fvisibility-inlines-hidden' '-v' '-o' 'cmTC_801c4' '-shared-libgcc' '-march=westmere'
gmake[1]: Leaving directory '/home/alby/graph/graph/CMakeFiles/CMakeTmp'



Parsed CXX implicit include dir info from above output: rv=done
  found start of include info
  found start of implicit include info
    add: [/usr/lib64/gcc/x86_64-generic-linux/10/../../../../include/c++/10]
    add: [/usr/lib64/gcc/x86_64-generic-linux/10/../../../../include/c++/10/x86_64-generic-linux]
    add: [/usr/lib64/gcc/x86_64-generic-linux/10/../../../../include/c++/10/backward]
    add: [/usr/lib64/gcc/x86_64-generic-linux/10/include]
    add: [/usr/local/include]
    add: [/usr/lib64/gcc/x86_64-generic-linux/10/include-fixed]
    add: [/usr/include]
  end of search list found
  collapse include dir [/usr/lib64/gcc/x86_64-generic-linux/10/../../../../include/c++/10] ==> [/usr/include/c++/10]
  collapse include dir [/usr/lib64/gcc/x86_64-generic-linux/10/../../../../include/c++/10/x86_64-generic-linux] ==> [/usr/include/c++/10/x86_64-generic-linux]
  collapse include dir [/usr/lib64/gcc/x86_64-generic-linux/10/../../../../include/c++/10/backward] ==> [/usr/include/c++/10/backward]
  collapse include dir [/usr/lib64/gcc/x86_64-generic-linux/10/include] ==> [/usr/lib64/gcc/x86_64-generic-linux/10/include]
  collapse include dir [/usr/local/include] ==> [/usr/local/include]
  collapse include dir [/usr/lib64/gcc/x86_64-generic-linux/10/include-fixed] ==> [/usr/lib64/gcc/x86_64-generic-linux/10/include-fixed]
  collapse include dir [/usr/include] ==> [/usr/include]
  implicit include dirs: [/usr/include/c++/10;/usr/include/c++/10/x86_64-generic-linux;/usr/include/c++/10/backward;/usr/lib64/gcc/x86_64-generic-linux/10/include;/usr/local/include;/usr/lib64/gcc/x86_64-generic-linux/10/include-fixed;/usr/include]


Parsed CXX implicit link information from above output:
  link line regex: [^( *|.*[/\])(ld|CMAKE_LINK_STARTFILE-NOTFOUND|([^/\]+-)?ld|collect2)[^/\]*( |$)]
  ignore line: [Change Dir: /home/alby/graph/graph/CMakeFiles/CMakeTmp]
  ignore line: []
  ignore line: [Run Build Command(s):/usr/bin/gmake cmTC_801c4/fast && /usr/bin/gmake  -f CMakeFiles/cmTC_801c4.dir/build.make CMakeFiles/cmTC_801c4.dir/build]
  ignore line: [gmake[1]: Entering directory '/home/alby/graph/graph/CMakeFiles/CMakeTmp']
  ignore line: [Building CXX object CMakeFiles/cmTC_801c4.dir/CMakeCXXCompilerABI.cpp.o]
  ignore line: [/usr/bin/g++    -g -O3 -feliminate-unused-debug-types -pipe -Wall -Wp -D_FORTIFY_SOURCE=2 -fexceptions -fstack-protector --param=ssp-buffer-size=32 -Wformat -Wformat-security -m64 -fasynchronous-unwind-tables -Wp -D_REENTRANT -ftree-loop-distribute-patterns -Wl -z -Wl now -Wl -z -Wl relro -fno-semantic-interposition -ffat-lto-objects -fno-trapping-math -Wl -sort-common -Wl --enable-new-dtags -mtune=skylake -Wa -mbranches-within-32B-boundaries -fvisibility-inlines-hidden -Wl --enable-new-dtags    -v -o CMakeFiles/cmTC_801c4.dir/CMakeCXXCompilerABI.cpp.o -c /home/alby/Desktop/clion-2020.2.3/bin/cmake/linux/share/cmake-3.17/Modules/CMakeCXXCompilerABI.cpp]
  ignore line: [Using built-in specs.]
  ignore line: [COLLECT_AS_OPTIONS='-mbranches-within-32B-boundaries']
  ignore line: [COLLECT_GCC=/usr/bin/g++]
  ignore line: [Target: x86_64-generic-linux]
  ignore line: [Configured with: ../gcc-10.2.0/configure --prefix=/usr --with-pkgversion='Clear Linux OS for Intel Architecture' --libdir=/usr/lib64 --enable-libstdcxx-pch --libexecdir=/usr/lib64 --with-system-zlib --enable-shared --enable-gnu-indirect-function --disable-vtable-verify --enable-threads=posix --enable-__cxa_atexit --enable-plugin --enable-ld=default --enable-clocale=gnu --disable-multiarch --enable-multilib --enable-lto --disable-werror --enable-linker-build-id --build=x86_64-generic-linux --target=x86_64-generic-linux --enable-languages=c,c++,fortran,go --enable-bootstrap --with-ppl=yes --with-isl --includedir=/usr/include --exec-prefix=/usr --with-glibc-version=2.19 --disable-libunwind-exceptions --with-gnu-ld --with-tune=haswell --with-arch=westmere --enable-cet --disable-libmpx --with-gcc-major-version-only --enable-default-pie]
  ignore line: [Thread model: posix]
  ignore line: [Supported LTO compression algorithms: zlib]
  ignore line: [gcc version 10.2.1 20201202 releases/gcc-10.2.0-593-ge563687cf9 (Clear Linux OS for Intel Architecture) ]
  ignore line: [COLLECT_GCC_OPTIONS='-g' '-O3' '-feliminate-unused-debug-types' '-pipe' '-Wall' '-fexceptions' '-fstack-protector' '--param=ssp-buffer-size=32' '-Wformat=1' '-Wformat-security' '-m64' '-fasynchronous-unwind-tables' '-ftree-loop-distribute-patterns' '-fno-semantic-interposition' '-ffat-lto-objects' '-fno-trapping-math' '-mtune=skylake' '-fvisibility-inlines-hidden' '-v' '-o' 'CMakeFiles/cmTC_801c4.dir/CMakeCXXCompilerABI.cpp.o' '-c' '-shared-libgcc' '-march=westmere']
  ignore line: [ /usr/lib64/gcc/x86_64-generic-linux/10/cc1plus -quiet -v -D_GNU_SOURCE -D_FORTIFY_SOURCE=2 -D_REENTRANT /home/alby/Desktop/clion-2020.2.3/bin/cmake/linux/share/cmake-3.17/Modules/CMakeCXXCompilerABI.cpp -quiet -dumpbase CMakeCXXCompilerABI.cpp -m64 -mtune=skylake -march=westmere -auxbase-strip CMakeFiles/cmTC_801c4.dir/CMakeCXXCompilerABI.cpp.o -g -O3 -Wall -Wformat=1 -Wformat-security -version -feliminate-unused-debug-types -fexceptions -fstack-protector -fasynchronous-unwind-tables -ftree-loop-distribute-patterns -fno-semantic-interposition -ffat-lto-objects -fno-trapping-math -fvisibility-inlines-hidden --param=ssp-buffer-size=32 -o - |]
  ignore line: [ as -v --64 -mbranches-within-32B-boundaries -o CMakeFiles/cmTC_801c4.dir/CMakeCXXCompilerABI.cpp.o]
  ignore line: [GNU C++14 (Clear Linux OS for Intel Architecture) version 10.2.1 20201202 releases/gcc-10.2.0-593-ge563687cf9 (x86_64-generic-linux)]
  ignore line: [	compiled by GNU C version 10.2.1 20201202 releases/gcc-10.2.0-593-ge563687cf9  GMP version 6.2.1  MPFR version 4.1.0  MPC version 1.2.0  isl version isl-0.16.1-GMP]
  ignore line: []
  ignore line: [GGC heuristics: --param ggc-min-expand=100 --param ggc-min-heapsize=131072]
  ignore line: [ignoring nonexistent directory "/usr/lib64/gcc/x86_64-generic-linux/10/../../../../x86_64-generic-linux/include"]
  ignore line: [#include "..." search starts here:]
  ignore line: [#include <...> search starts here:]
  ignore line: [ /usr/lib64/gcc/x86_64-generic-linux/10/../../../../include/c++/10]
  ignore line: [ /usr/lib64/gcc/x86_64-generic-linux/10/../../../../include/c++/10/x86_64-generic-linux]
  ignore line: [ /usr/lib64/gcc/x86_64-generic-linux/10/../../../../include/c++/10/backward]
  ignore line: [ /usr/lib64/gcc/x86_64-generic-linux/10/include]
  ignore line: [ /usr/local/include]
  ignore line: [ /usr/lib64/gcc/x86_64-generic-linux/10/include-fixed]
  ignore line: [ /usr/include]
  ignore line: [End of search list.]
  ignore line: [GNU C++14 (Clear Linux OS for Intel Architecture) version 10.2.1 20201202 releases/gcc-10.2.0-593-ge563687cf9 (x86_64-generic-linux)]
  ignore line: [	compiled by GNU C version 10.2.1 20201202 releases/gcc-10.2.0-593-ge563687cf9  GMP version 6.2.1  MPFR version 4.1.0  MPC version 1.2.0  isl version isl-0.16.1-GMP]
  ignore line: []
  ignore line: [GGC heuristics: --param ggc-min-expand=100 --param ggc-min-heapsize=131072]
  ignore line: [Compiler executable checksum: 7f67d4e8ea7c8109afc44692a5f32441]
  ignore line: [GNU assembler version 2.35.1 (x86_64-generic-linux) using BFD version (GNU Binutils) 2.35.1.20190203]
  ignore line: [COMPILER_PATH=/usr/lib64/gcc/x86_64-generic-linux/10/:/usr/lib64/gcc/x86_64-generic-linux/10/:/usr/lib64/gcc/x86_64-generic-linux/:/usr/lib64/gcc/x86_64-generic-linux/10/:/usr/lib64/gcc/x86_64-generic-linux/]
  ignore line: [LIBRARY_PATH=/usr/lib64/gcc/x86_64-generic-linux/10/:/usr/lib64/gcc/x86_64-generic-linux/10/../../../../lib64/:/lib/../lib64/:/usr/lib/../lib64/:/usr/lib64/gcc/x86_64-generic-linux/10/../../../:/lib/:/usr/lib/]
  ignore line: [COLLECT_GCC_OPTIONS='-g' '-O3' '-feliminate-unused-debug-types' '-pipe' '-Wall' '-fexceptions' '-fstack-protector' '--param=ssp-buffer-size=32' '-Wformat=1' '-Wformat-security' '-m64' '-fasynchronous-unwind-tables' '-ftree-loop-distribute-patterns' '-fno-semantic-interposition' '-ffat-lto-objects' '-fno-trapping-math' '-mtune=skylake' '-fvisibility-inlines-hidden' '-v' '-o' 'CMakeFiles/cmTC_801c4.dir/CMakeCXXCompilerABI.cpp.o' '-c' '-shared-libgcc' '-march=westmere']
  ignore line: [Linking CXX executable cmTC_801c4]
  ignore line: [/home/alby/Desktop/clion-2020.2.3/bin/cmake/linux/bin/cmake -E cmake_link_script CMakeFiles/cmTC_801c4.dir/link.txt --verbose=1]
  ignore line: [/usr/bin/g++  -g -O3 -feliminate-unused-debug-types -pipe -Wall -Wp -D_FORTIFY_SOURCE=2 -fexceptions -fstack-protector --param=ssp-buffer-size=32 -Wformat -Wformat-security -m64 -fasynchronous-unwind-tables -Wp -D_REENTRANT -ftree-loop-distribute-patterns -Wl -z -Wl now -Wl -z -Wl relro -fno-semantic-interposition -ffat-lto-objects -fno-trapping-math -Wl -sort-common -Wl --enable-new-dtags -mtune=skylake -Wa -mbranches-within-32B-boundaries -fvisibility-inlines-hidden -Wl --enable-new-dtags    -v CMakeFiles/cmTC_801c4.dir/CMakeCXXCompilerABI.cpp.o  -o cmTC_801c4 ]
  ignore line: [Using built-in specs.]
  ignore line: [COLLECT_AS_OPTIONS='-mbranches-within-32B-boundaries']
  ignore line: [COLLECT_GCC=/usr/bin/g++]
  ignore line: [COLLECT_LTO_WRAPPER=/usr/lib64/gcc/x86_64-generic-linux/10/lto-wrapper]
  ignore line: [Target: x86_64-generic-linux]
  ignore line: [Configured with: ../gcc-10.2.0/configure --prefix=/usr --with-pkgversion='Clear Linux OS for Intel Architecture' --libdir=/usr/lib64 --enable-libstdcxx-pch --libexecdir=/usr/lib64 --with-system-zlib --enable-shared --enable-gnu-indirect-function --disable-vtable-verify --enable-threads=posix --enable-__cxa_atexit --enable-plugin --enable-ld=default --enable-clocale=gnu --disable-multiarch --enable-multilib --enable-lto --disable-werror --enable-linker-build-id --build=x86_64-generic-linux --target=x86_64-generic-linux --enable-languages=c,c++,fortran,go --enable-bootstrap --with-ppl=yes --with-isl --includedir=/usr/include --exec-prefix=/usr --with-glibc-version=2.19 --disable-libunwind-exceptions --with-gnu-ld --with-tune=haswell --with-arch=westmere --enable-cet --disable-libmpx --with-gcc-major-version-only --enable-default-pie]
  ignore line: [Thread model: posix]
  ignore line: [Supported LTO compression algorithms: zlib]
  ignore line: [gcc version 10.2.1 20201202 releases/gcc-10.2.0-593-ge563687cf9 (Clear Linux OS for Intel Architecture) ]
  ignore line: [COMPILER_PATH=/usr/lib64/gcc/x86_64-generic-linux/10/:/usr/lib64/gcc/x86_64-generic-linux/10/:/usr/lib64/gcc/x86_64-generic-linux/:/usr/lib64/gcc/x86_64-generic-linux/10/:/usr/lib64/gcc/x86_64-generic-linux/]
  ignore line: [LIBRARY_PATH=/usr/lib64/gcc/x86_64-generic-linux/10/:/usr/lib64/gcc/x86_64-generic-linux/10/../../../../lib64/:/lib/../lib64/:/usr/lib/../lib64/:/usr/lib64/gcc/x86_64-generic-linux/10/../../../:/lib/:/usr/lib/]
  ignore line: [COLLECT_GCC_OPTIONS='-g' '-O3' '-feliminate-unused-debug-types' '-pipe' '-Wall' '-fexceptions' '-fstack-protector' '--param=ssp-buffer-size=32' '-Wformat=1' '-Wformat-security' '-m64' '-fasynchronous-unwind-tables' '-ftree-loop-distribute-patterns' '-fno-semantic-interposition' '-ffat-lto-objects' '-fno-trapping-math' '-mtune=skylake' '-fvisibility-inlines-hidden' '-v' '-o' 'cmTC_801c4' '-shared-libgcc' '-march=westmere']
  link line: [ /usr/lib64/gcc/x86_64-generic-linux/10/collect2 -plugin /usr/lib64/gcc/x86_64-generic-linux/10/liblto_plugin.so -plugin-opt=/usr/lib64/gcc/x86_64-generic-linux/10/lto-wrapper -plugin-opt=-fresolution=/tmp/ccIawDyz.res -plugin-opt=-pass-through=-lgcc_s -plugin-opt=-pass-through=-lgcc -plugin-opt=-pass-through=-lc -plugin-opt=-pass-through=-lgcc_s -plugin-opt=-pass-through=-lgcc --build-id --eh-frame-hdr -m elf_x86_64 -dynamic-linker /lib64/ld-linux-x86-64.so.2 -pie -z now -o cmTC_801c4 /usr/lib64/gcc/x86_64-generic-linux/10/../../../../lib64/Scrt1.o /usr/lib64/gcc/x86_64-generic-linux/10/../../../../lib64/crti.o /usr/lib64/gcc/x86_64-generic-linux/10/crtbeginS.o -L/usr/lib64/gcc/x86_64-generic-linux/10 -L/usr/lib64/gcc/x86_64-generic-linux/10/../../../../lib64 -L/lib/../lib64 -L/usr/lib/../lib64 -L/usr/lib64/gcc/x86_64-generic-linux/10/../../.. -z now -z relro -sort-common --enable-new-dtags --enable-new-dtags CMakeFiles/cmTC_801c4.dir/CMakeCXXCompilerABI.cpp.o -lstdc++ -lm -lgcc_s -lgcc -lc -lgcc_s -lgcc /usr/lib64/gcc/x86_64-generic-linux/10/crtendS.o /usr/lib64/gcc/x86_64-generic-linux/10/../../../../lib64/crtn.o]
    arg [/usr/lib64/gcc/x86_64-generic-linux/10/collect2] ==> ignore
    arg [-plugin] ==> ignore
    arg [/usr/lib64/gcc/x86_64-generic-linux/10/liblto_plugin.so] ==> ignore
    arg [-plugin-opt=/usr/lib64/gcc/x86_64-generic-linux/10/lto-wrapper] ==> ignore
    arg [-plugin-opt=-fresolution=/tmp/ccIawDyz.res] ==> ignore
    arg [-plugin-opt=-pass-through=-lgcc_s] ==> ignore
    arg [-plugin-opt=-pass-through=-lgcc] ==> ignore
    arg [-plugin-opt=-pass-through=-lc] ==> ignore
    arg [-plugin-opt=-pass-through=-lgcc_s] ==> ignore
    arg [-plugin-opt=-pass-through=-lgcc] ==> ignore
    arg [--build-id] ==> ignore
    arg [--eh-frame-hdr] ==> ignore
    arg [-m] ==> ignore
    arg [elf_x86_64] ==> ignore
    arg [-dynamic-linker] ==> ignore
    arg [/lib64/ld-linux-x86-64.so.2] ==> ignore
    arg [-pie] ==> ignore
    arg [-znow] ==> ignore
    arg [-o] ==> ignore
    arg [cmTC_801c4] ==> ignore
    arg [/usr/lib64/gcc/x86_64-generic-linux/10/../../../../lib64/Scrt1.o] ==> ignore
    arg [/usr/lib64/gcc/x86_64-generic-linux/10/../../../../lib64/crti.o] ==> ignore
    arg [/usr/lib64/gcc/x86_64-generic-linux/10/crtbeginS.o] ==> ignore
    arg [-L/usr/lib64/gcc/x86_64-generic-linux/10] ==> dir [/usr/lib64/gcc/x86_64-generic-linux/10]
    arg [-L/usr/lib64/gcc/x86_64-generic-linux/10/../../../../lib64] ==> dir [/usr/lib64/gcc/x86_64-generic-linux/10/../../../../lib64]
    arg [-L/lib/../lib64] ==> dir [/lib/../lib64]
    arg [-L/usr/lib/../lib64] ==> dir [/usr/lib/../lib64]
    arg [-L/usr/lib64/gcc/x86_64-generic-linux/10/../../..] ==> dir [/usr/lib64/gcc/x86_64-generic-linux/10/../../..]
    arg [-znow] ==> ignore
    arg [-zrelro] ==> ignore
    arg [-sort-common] ==> ignore
    arg [--enable-new-dtags] ==> ignore
    arg [--enable-new-dtags] ==> ignore
    arg [CMakeFiles/cmTC_801c4.dir/CMakeCXXCompilerABI.cpp.o] ==> ignore
    arg [-lstdc++] ==> lib [stdc++]
    arg [-lm] ==> lib [m]
    arg [-lgcc_s] ==> lib [gcc_s]
    arg [-lgcc] ==> lib [gcc]
    arg [-lc] ==> lib [c]
    arg [-lgcc_s] ==> lib [gcc_s]
    arg [-lgcc] ==> lib [gcc]
    arg [/usr/lib64/gcc/x86_64-generic-linux/10/crtendS.o] ==> ignore
    arg [/usr/lib64/gcc/x86_64-generic-linux/10/../../../../lib64/crtn.o] ==> ignore
  collapse library dir [/usr/lib64/gcc/x86_64-generic-linux/10] ==> [/usr/lib64/gcc/x86_64-generic-linux/10]
  collapse library dir [/usr/lib64/gcc/x86_64-generic-linux/10/../../../../lib64] ==> [/usr/lib64]
  collapse library dir [/lib/../lib64] ==> [/lib64]
  collapse library dir [/usr/lib/../lib64] ==> [/usr/lib64]
  collapse library dir [/usr/lib64/gcc/x86_64-generic-linux/10/../../..] ==> [/usr/lib64]
  implicit libs: [stdc++;m;gcc_s;gcc;c;gcc_s;gcc]
  implicit dirs: [/usr/lib64/gcc/x86_64-generic-linux/10;/usr/lib64;/lib64]
  implicit fwks: []


